<?xml version="1.0" encoding="UTF-8"?>
<!-- Generated by org.testng.reporters.JUnitReportReporter -->
<testsuite hostname="DESKTOP-NT7KG8Q" failures="0" tests="1" name="testCase.SpiritTest" time="22.049" errors="0" timestamp="2021-01-14T22:26:44 PST" skipped="0">
  <testcase classname="testCase.SpiritTest" name="mPage" time="22.049"/>
  <system-out/>
</testsuite> <!-- testCase.SpiritTest -->
